#
# There is insufficient memory for the Java Runtime Environment to continue.
# Native memory allocation (malloc) failed to allocate 1048576 bytes for AllocateHeap
# Possible reasons:
#   The system is out of physical RAM or swap space
#   In 32 bit mode, the process size limit was hit
# Possible solutions:
#   Reduce memory load on the system
#   Increase physical memory or swap space
#   Check if swap backing store is full
#   Use 64 bit Java on a 64 bit OS
#   Decrease Java heap size (-Xmx/-Xms)
#   Decrease number of Java threads
#   Decrease Java thread stack sizes (-Xss)
#   Set larger code cache with -XX:ReservedCodeCacheSize=
# This output file may be truncated or incomplete.
#
#  Out of Memory Error (memory/allocation.inline.hpp:61), pid=17112, tid=0x0000000000004150
#
# JRE version:  (8.0_171-b11) (build )
# Java VM: Java HotSpot(TM) 64-Bit Server VM (25.171-b11 mixed mode windows-amd64 compressed oops)
# Failed to write core dump. Minidumps are not enabled by default on client versions of Windows
#

---------------  T H R E A D  ---------------

Current thread (0x000000000228e000):  JavaThread "Unknown thread" [_thread_in_vm, id=16720, stack(0x0000000002300000,0x0000000002400000)]

Stack: [0x0000000002300000,0x0000000002400000]
[error occurred during error reporting (printing stack bounds), id 0xc0000005]

Native frames: (J=compiled Java code, j=interpreted, Vv=VM code, C=native code)


---------------  P R O C E S S  ---------------

Java Threads: ( => current thread )

Other Threads:

=>0x000000000228e000 (exited) JavaThread "Unknown thread" [_thread_in_vm, id=16720, stack(0x0000000002300000,0x0000000002400000)]

VM state:not at safepoint (normal execution)

VM Mutex/Monitor currently owned by a thread: None

Heap:
 PSYoungGen      total 18944K, used 327K [0x00000000eb180000, 0x00000000ec680000, 0x0000000100000000)
  eden space 16384K, 2% used [0x00000000eb180000,0x00000000eb1d1ec8,0x00000000ec180000)
  from space 2560K, 0% used [0x00000000ec400000,0x00000000ec400000,0x00000000ec680000)
  to   space 2560K, 0% used [0x00000000ec180000,0x00000000ec180000,0x00000000ec400000)
 ParOldGen       total 44032K, used 0K [0x00000000c1400000, 0x00000000c3f00000, 0x00000000eb180000)
  object space 44032K, 0% used [0x00000000c1400000,0x00000000c1400000,0x00000000c3f00000)
 Metaspace       used 750K, capacity 4480K, committed 4480K, reserved 1056768K
  class space    used 76K, capacity 384K, committed 384K, reserved 1048576K

Card table byte_map: [0x00000000118c0000,0x0000000011ac0000] byte_map_base: 0x00000000112b6000

Marking Bits: (ParMarkBitMap*) 0x00000000633808c0
 Begin Bits: [0x0000000012010000, 0x0000000012fc0000)
 End Bits:   [0x0000000012fc0000, 0x0000000013f70000)

Polling page: 0x00000000004d0000

CodeCache: size=245760Kb used=328Kb max_used=328Kb free=245431Kb
 bounds [0x0000000002500000, 0x0000000002770000, 0x0000000011500000]
 total_blobs=58 nmethods=0 adapters=38
 compilation: enabled

Compilation events (0 events):
No events

GC Heap History (0 events):
No events

Deoptimization events (0 events):
No events

Classes redefined (0 events):
No events

Internal exceptions (0 events):
No events

Events (10 events):
Event: 0.024 loading class java/lang/Short
Event: 0.024 loading class java/lang/Short done
Event: 0.024 loading class java/lang/Integer
Event: 0.025 loading class java/lang/Integer done
Event: 0.025 loading class java/lang/Long
Event: 0.025 loading class java/lang/Long done
Event: 0.025 loading class java/lang/NullPointerException
Event: 0.025 loading class java/lang/NullPointerException done
Event: 0.025 loading class java/lang/ArithmeticException
Event: 0.025 loading class java/lang/ArithmeticException done


Dynamic libraries:
0x00007ff7cdf20000 - 0x00007ff7cdf57000 	C:\Program Files\Java\jre1.8.0_171\bin\javaw.exe
0x00007ffc29c90000 - 0x00007ffc29e71000 	C:\WINDOWS\SYSTEM32\ntdll.dll
0x00007ffc291d0000 - 0x00007ffc29282000 	C:\WINDOWS\System32\KERNEL32.DLL
0x00007ffc26ea0000 - 0x00007ffc27113000 	C:\WINDOWS\System32\KERNELBASE.dll
0x00007ffc29080000 - 0x00007ffc29121000 	C:\WINDOWS\System32\ADVAPI32.dll
0x00007ffc29470000 - 0x00007ffc2950e000 	C:\WINDOWS\System32\msvcrt.dll
0x00007ffc29020000 - 0x00007ffc2907b000 	C:\WINDOWS\System32\sechost.dll
0x00007ffc27300000 - 0x00007ffc27424000 	C:\WINDOWS\System32\RPCRT4.dll
0x00007ffc275b0000 - 0x00007ffc27740000 	C:\WINDOWS\System32\USER32.dll
0x00007ffc26260000 - 0x00007ffc26280000 	C:\WINDOWS\System32\win32u.dll
0x00007ffc293a0000 - 0x00007ffc293c8000 	C:\WINDOWS\System32\GDI32.dll
0x00007ffc26400000 - 0x00007ffc26592000 	C:\WINDOWS\System32\gdi32full.dll
0x00007ffc262e0000 - 0x00007ffc2637f000 	C:\WINDOWS\System32\msvcp_win.dll
0x00007ffc26060000 - 0x00007ffc2615a000 	C:\WINDOWS\System32\ucrtbase.dll
0x00007ffc17e00000 - 0x00007ffc18069000 	C:\WINDOWS\WinSxS\amd64_microsoft.windows.common-controls_6595b64144ccf1df_6.0.17134.112_none_fb3f961b30681c12\COMCTL32.dll
0x00007ffc27740000 - 0x00007ffc27a63000 	C:\WINDOWS\System32\combase.dll
0x00007ffc26380000 - 0x00007ffc263fa000 	C:\WINDOWS\System32\bcryptPrimitives.dll
0x00007ffc29290000 - 0x00007ffc292bd000 	C:\WINDOWS\System32\IMM32.DLL
0x0000000063c40000 - 0x0000000063d12000 	C:\Program Files\Java\jre1.8.0_171\bin\msvcr100.dll
0x0000000062b60000 - 0x0000000063400000 	C:\Program Files\Java\jre1.8.0_171\bin\server\jvm.dll
0x00007ffc29510000 - 0x00007ffc29518000 	C:\WINDOWS\System32\PSAPI.DLL
0x00007ffc17b40000 - 0x00007ffc17b4a000 	C:\WINDOWS\SYSTEM32\VERSION.dll
0x00007ffc22110000 - 0x00007ffc22119000 	C:\WINDOWS\SYSTEM32\WSOCK32.dll
0x00007ffc232e0000 - 0x00007ffc23303000 	C:\WINDOWS\SYSTEM32\WINMM.dll
0x00007ffc29150000 - 0x00007ffc291bc000 	C:\WINDOWS\System32\WS2_32.dll
0x00007ffc22e30000 - 0x00007ffc22e5a000 	C:\WINDOWS\SYSTEM32\WINMMBASE.dll
0x00007ffc26210000 - 0x00007ffc26259000 	C:\WINDOWS\System32\cfgmgr32.dll
0x0000000064040000 - 0x000000006404f000 	C:\Program Files\Java\jre1.8.0_171\bin\verify.dll
0x0000000064010000 - 0x0000000064039000 	C:\Program Files\Java\jre1.8.0_171\bin\java.dll
0x0000000063ff0000 - 0x0000000064006000 	C:\Program Files\Java\jre1.8.0_171\bin\zip.dll

VM Arguments:
jvm_args: -Dfile.encoding=UTF-8 
java_command: com.ckcc.javacourse.TaxProgram.MainCls
java_class_path (initial): C:\Program Files\Java\jre1.8.0_171\lib\resources.jar;C:\Program Files\Java\jre1.8.0_171\lib\rt.jar;C:\Program Files\Java\jre1.8.0_171\lib\jsse.jar;C:\Program Files\Java\jre1.8.0_171\lib\jce.jar;C:\Program Files\Java\jre1.8.0_171\lib\charsets.jar;C:\Program Files\Java\jre1.8.0_171\lib\jfr.jar;C:\Program Files\Java\jre1.8.0_171\lib\ext\access-bridge-64.jar;C:\Program Files\Java\jre1.8.0_171\lib\ext\cldrdata.jar;C:\Program Files\Java\jre1.8.0_171\lib\ext\dnsns.jar;C:\Program Files\Java\jre1.8.0_171\lib\ext\jaccess.jar;C:\Program Files\Java\jre1.8.0_171\lib\ext\jfxrt.jar;C:\Program Files\Java\jre1.8.0_171\lib\ext\localedata.jar;C:\Program Files\Java\jre1.8.0_171\lib\ext\nashorn.jar;C:\Program Files\Java\jre1.8.0_171\lib\ext\sunec.jar;C:\Program Files\Java\jre1.8.0_171\lib\ext\sunjce_provider.jar;C:\Program Files\Java\jre1.8.0_171\lib\ext\sunmscapi.jar;C:\Program Files\Java\jre1.8.0_171\lib\ext\sunpkcs11.jar;C:\Program Files\Java\jre1.8.0_171\lib\ext\zipfs.jar;C:\Users\SETHA\eclipse-workspace\TaxProgram\target\classes
Launcher Type: SUN_STANDARD

Environment Variables:
PATH=C:/Program Files/Java/jre1.8.0_171/bin/server;C:/Program Files/Java/jre1.8.0_171/bin;C:/Program Files/Java/jre1.8.0_171/lib/amd64;C:\Program Files (x86)\Common Files\Oracle\Java\javapath;C:\ProgramData\Oracle\Java\javapath;C:\WINDOWS\system32;C:\WINDOWS;C:\WINDOWS\System32\Wbem;C:\WINDOWS\System32\WindowsPowerShell\v1.0\;C:\Program Files (x86)\Skype\Phone\;C:\Program Files\nodejs\;C:\Program Files\Git\cmd;C:\Program Files\TortoiseGit\bin;C:\WINDOWS\System32\OpenSSH\;C:\Users\SETHA\AppData\Local\Microsoft\WindowsApps;C:\Users\SETHA\AppData\Roaming\npm;;C:\Program Files\Microsoft VS Code\bin;C:\WINDOWS\System32;
USERNAME=SETHA
OS=Windows_NT
PROCESSOR_IDENTIFIER=Intel64 Family 6 Model 42 Stepping 7, GenuineIntel



---------------  S Y S T E M  ---------------

OS: Windows 10.0 , 64 bit Build 17134 (10.0.17134.1)

CPU:total 4 (initial active 4) (2 cores per cpu, 2 threads per core) family 6 model 42 stepping 7, cmov, cx8, fxsr, mmx, sse, sse2, sse3, ssse3, sse4.1, sse4.2, popcnt, avx, aes, clmul, ht, tsc, tscinvbit

Memory: 4k page, physical 4106412k(382776k free), swap 16689324k(3724k free)

vm_info: Java HotSpot(TM) 64-Bit Server VM (25.171-b11) for windows-amd64 JRE (1.8.0_171-b11), built on Mar 28 2018 16:06:12 by "java_re" with MS VC++ 10.0 (VS2010)

time: Sat Jun 30 15:29:38 2018
elapsed time: 0 seconds (0d 0h 0m 0s)

