#
# There is insufficient memory for the Java Runtime Environment to continue.
# Native memory allocation (malloc) failed to allocate 32744 bytes for ChunkPool::allocate
# Possible reasons:
#   The system is out of physical RAM or swap space
#   In 32 bit mode, the process size limit was hit
# Possible solutions:
#   Reduce memory load on the system
#   Increase physical memory or swap space
#   Check if swap backing store is full
#   Use 64 bit Java on a 64 bit OS
#   Decrease Java heap size (-Xmx/-Xms)
#   Decrease number of Java threads
#   Decrease Java thread stack sizes (-Xss)
#   Set larger code cache with -XX:ReservedCodeCacheSize=
# This output file may be truncated or incomplete.
#
#  Out of Memory Error (allocation.cpp:273), pid=13924, tid=0x000000000000622c
#
# JRE version: Java(TM) SE Runtime Environment (8.0_152-b16) (build 1.8.0_152-b16)
# Java VM: Java HotSpot(TM) 64-Bit Server VM (25.152-b16 mixed mode windows-amd64 compressed oops)
# Failed to write core dump. Minidumps are not enabled by default on client versions of Windows
#

---------------  T H R E A D  ---------------

Current thread (0x0000000019668800):  JavaThread "C1 CompilerThread2" daemon [_thread_in_native, id=25132, stack(0x0000000019a60000,0x0000000019b60000)]

Stack: [0x0000000019a60000,0x0000000019b60000]
[error occurred during error reporting (printing stack bounds), id 0xc0000005]

Native frames: (J=compiled Java code, j=interpreted, Vv=VM code, C=native code)


Current CompileTask:
C1:   4598  705   !   3       java.awt.DefaultKeyboardFocusManager::dispatchEvent (1589 bytes)


---------------  P R O C E S S  ---------------

Java Threads: ( => current thread )
  0x000000001b411800 JavaThread "TimerQueue" daemon [_thread_blocked, id=15848, stack(0x000000001d8d0000,0x000000001d9d0000)]
  0x0000000003202800 JavaThread "DestroyJavaVM" [_thread_blocked, id=23228, stack(0x00000000030c0000,0x00000000031c0000)]
  0x000000001b34b800 JavaThread "AWT-EventQueue-0" [_thread_blocked, id=22876, stack(0x000000001bdb0000,0x000000001beb0000)]
  0x000000001b304800 JavaThread "Image Fetcher 0" daemon [_thread_blocked, id=13184, stack(0x000000001bab0000,0x000000001bbb0000)]
  0x0000000019a3c800 JavaThread "AWT-Windows" daemon [_thread_in_native, id=5988, stack(0x000000001a1b0000,0x000000001a2b0000)]
  0x0000000019a39800 JavaThread "AWT-Shutdown" [_thread_blocked, id=25144, stack(0x000000001a0b0000,0x000000001a1b0000)]
  0x0000000019a38800 JavaThread "Java2D Disposer" daemon [_thread_blocked, id=11324, stack(0x0000000019ee0000,0x0000000019fe0000)]
  0x000000001968b000 JavaThread "Service Thread" daemon [_thread_blocked, id=13212, stack(0x0000000019b60000,0x0000000019c60000)]
=>0x0000000019668800 JavaThread "C1 CompilerThread2" daemon [_thread_in_native, id=25132, stack(0x0000000019a60000,0x0000000019b60000)]
  0x0000000017e72000 JavaThread "C2 CompilerThread1" daemon [_thread_blocked, id=23848, stack(0x0000000019560000,0x0000000019660000)]
  0x0000000017e1e000 JavaThread "C2 CompilerThread0" daemon [_thread_blocked, id=13348, stack(0x0000000019460000,0x0000000019560000)]
  0x0000000017e1c800 JavaThread "Attach Listener" daemon [_thread_blocked, id=9576, stack(0x0000000019360000,0x0000000019460000)]
  0x0000000017e1b800 JavaThread "Signal Dispatcher" daemon [_thread_blocked, id=15672, stack(0x0000000019260000,0x0000000019360000)]
  0x00000000032fe800 JavaThread "Finalizer" daemon [_thread_blocked, id=14740, stack(0x0000000019070000,0x0000000019170000)]
  0x00000000032f3000 JavaThread "Reference Handler" daemon [_thread_blocked, id=24408, stack(0x0000000018f70000,0x0000000019070000)]

Other Threads:
  0x0000000017de6800 VMThread [stack: 0x0000000018e70000,0x0000000018f70000] [id=6836]
  0x000000001968d000 WatcherThread [stack: 0x0000000019c60000,0x0000000019d60000] [id=5532]

VM state:not at safepoint (normal execution)

VM Mutex/Monitor currently owned by a thread: None

Heap:
 PSYoungGen      total 38400K, used 16955K [0x00000000d5f80000, 0x00000000d8a00000, 0x0000000100000000)
  eden space 33280K, 50% used [0x00000000d5f80000,0x00000000d700efe0,0x00000000d8000000)
  from space 5120K, 0% used [0x00000000d8500000,0x00000000d8500000,0x00000000d8a00000)
  to   space 5120K, 0% used [0x00000000d8000000,0x00000000d8000000,0x00000000d8500000)
 ParOldGen       total 87552K, used 0K [0x0000000081e00000, 0x0000000087380000, 0x00000000d5f80000)
  object space 87552K, 0% used [0x0000000081e00000,0x0000000081e00000,0x0000000087380000)
 Metaspace       used 12564K, capacity 12747K, committed 13056K, reserved 1069056K
  class space    used 1626K, capacity 1682K, committed 1792K, reserved 1048576K

Card table byte_map: [0x00000000126c0000,0x0000000012ac0000] byte_map_base: 0x00000000122b1000

Marking Bits: (ParMarkBitMap*) 0x0000000077020860
 Begin Bits: [0x0000000013170000, 0x00000000150f8000)
 End Bits:   [0x00000000150f8000, 0x0000000017080000)

Polling page: 0x0000000001690000

CodeCache: size=245760Kb used=2541Kb max_used=2555Kb free=243218Kb
 bounds [0x0000000003300000, 0x0000000003580000, 0x0000000012300000]
 total_blobs=1176 nmethods=689 adapters=399
 compilation: enabled

Compilation events (10 events):
Event: 2.694 Thread 0x0000000019668800  695       3       sun.java2d.pipe.RegionIterator::nextXBand (65 bytes)
Event: 2.694 Thread 0x0000000019668800 nmethod 695 0x000000000357c650 code [0x000000000357c7c0, 0x000000000357ca10]
Event: 2.695 Thread 0x0000000019668800  696  s    3       java.awt.ColorPaintContext::getRaster (88 bytes)
Event: 2.695 Thread 0x0000000019668800 nmethod 696 0x000000000357ae10 code [0x000000000357b000, 0x000000000357bce8]
Event: 2.695 Thread 0x0000000019668800  698       3       sun.java2d.pipe.RegionClipSpanIterator::nextSpan (670 bytes)
Event: 2.696 Thread 0x0000000017e1e000 nmethod 691 0x000000000357a910 code [0x000000000357aa60, 0x000000000357ac18]
Event: 2.697 Thread 0x0000000019668800 nmethod 698 0x000000000357d810 code [0x000000000357db40, 0x000000000357f028]
Event: 2.697 Thread 0x0000000019668800  701       3       sun.java2d.pipe.AlphaPaintPipe::renderPathTile (491 bytes)
Event: 2.700 Thread 0x0000000019668800 

Event: 4.506 Thread 0x0000000019668800  705   !   3       java.awt.DefaultKeyboardFocusManager::dispatchEvent (1589 bytes)

GC Heap History (0 events):
No events

Deoptimization events (1 events):
Event: 0.219 Thread 0x0000000003202800 Uncommon trap: reason=unstable_if action=reinterpret pc=0x00000000034257b8 method=java.lang.String.hashCode()I @ 14

Classes redefined (0 events):
No events

Internal exceptions (10 events):
Event: 0.058 Thread 0x0000000003202800 Exception <a 'java/lang/NoSuchMethodError': Method sun.misc.Unsafe.defineClass(Ljava/lang/String;[BII)Ljava/lang/Class; name or signature does not match> (0x00000000d5f87ca8) thrown at [C:\re\workspace\8-2-build-windows-amd64-cygwin\jdk8u152\9742\hotspot\
Event: 0.058 Thread 0x0000000003202800 Exception <a 'java/lang/NoSuchMethodError': Method sun.misc.Unsafe.prefetchRead(Ljava/lang/Object;J)V name or signature does not match> (0x00000000d5f87f90) thrown at [C:\re\workspace\8-2-build-windows-amd64-cygwin\jdk8u152\9742\hotspot\src\share\vm\prims
Event: 0.280 Thread 0x0000000003202800 Exception <a 'java/security/PrivilegedActionException'> (0x00000000d60f0ae0) thrown at [C:\re\workspace\8-2-build-windows-amd64-cygwin\jdk8u152\9742\hotspot\src\share\vm\prims\jvm.cpp, line 1390]
Event: 0.280 Thread 0x0000000003202800 Exception <a 'java/security/PrivilegedActionException'> (0x00000000d60f0cf0) thrown at [C:\re\workspace\8-2-build-windows-amd64-cygwin\jdk8u152\9742\hotspot\src\share\vm\prims\jvm.cpp, line 1390]
Event: 0.283 Thread 0x0000000003202800 Exception <a 'java/security/PrivilegedActionException'> (0x00000000d60f4c00) thrown at [C:\re\workspace\8-2-build-windows-amd64-cygwin\jdk8u152\9742\hotspot\src\share\vm\prims\jvm.cpp, line 1390]
Event: 0.283 Thread 0x0000000003202800 Exception <a 'java/security/PrivilegedActionException'> (0x00000000d60f4e10) thrown at [C:\re\workspace\8-2-build-windows-amd64-cygwin\jdk8u152\9742\hotspot\src\share\vm\prims\jvm.cpp, line 1390]
Event: 0.290 Thread 0x0000000003202800 Exception <a 'java/io/FileNotFoundException'> (0x00000000d60f72c0) thrown at [C:\re\workspace\8-2-build-windows-amd64-cygwin\jdk8u152\9742\hotspot\src\share\vm\prims\jni.cpp, line 709]
Event: 0.344 Thread 0x0000000003202800 Exception <a 'java/lang/NoSuchFieldError': method resolution failed> (0x00000000d61c46b0) thrown at [C:\re\workspace\8-2-build-windows-amd64-cygwin\jdk8u152\9742\hotspot\src\share\vm\prims\methodHandles.cpp, line 1167]
Event: 0.346 Thread 0x0000000003202800 Exception <a 'java/lang/NoSuchFieldError': method resolution failed> (0x00000000d61d1a80) thrown at [C:\re\workspace\8-2-build-windows-amd64-cygwin\jdk8u152\9742\hotspot\src\share\vm\prims\methodHandles.cpp, line 1167]
Event: 0.445 Thread 0x0000000003202800 Exception <a 'java/io/FileNotFoundException'> (0x00000000d626b268) thrown at [C:\re\workspace\8-2-build-windows-amd64-cygwin\jdk8u152\9742\hotspot\src\share\vm\prims\jni.cpp, line 709]

Events (10 events):
Event: 4.502 Thread 0x0000000017e1e000 flushing nmethod 0x00000000034011d0
Event: 4.502 Thread 0x0000000017e1e000 flushing nmethod 0x0000000003402090
Event: 4.502 Thread 0x0000000017e1e000 flushing nmethod 0x00000000034023d0
Event: 4.502 Thread 0x0000000017e1e000 flushing nmethod 0x0000000003403590
Event: 4.502 Thread 0x0000000017e1e000 flushing nmethod 0x0000000003403c10
Event: 4.502 Thread 0x0000000017e1e000 flushing nmethod 0x00000000034227d0
Event: 4.502 Thread 0x0000000017e1e000 flushing nmethod 0x0000000003425550
Event: 4.502 Thread 0x0000000017e1e000 flushing nmethod 0x0000000003432b10
Event: 4.515 loading class javax/swing/Timer$1
Event: 4.515 loading class javax/swing/Timer$1 done


Dynamic libraries:
0x00007ff613560000 - 0x00007ff613597000 	C:\Program Files\Java\jdk1.8.0_152\bin\javaw.exe
0x00007ffdc56f0000 - 0x00007ffdc58d1000 	C:\WINDOWS\SYSTEM32\ntdll.dll
0x00007ffdc4640000 - 0x00007ffdc46f2000 	C:\WINDOWS\System32\KERNEL32.DLL
0x00007ffdc2390000 - 0x00007ffdc2603000 	C:\WINDOWS\System32\KERNELBASE.dll
0x00007ffdc48a0000 - 0x00007ffdc4941000 	C:\WINDOWS\System32\ADVAPI32.dll
0x00007ffdc51d0000 - 0x00007ffdc526e000 	C:\WINDOWS\System32\msvcrt.dll
0x00007ffdc50b0000 - 0x00007ffdc510b000 	C:\WINDOWS\System32\sechost.dll
0x00007ffdc4a50000 - 0x00007ffdc4b74000 	C:\WINDOWS\System32\RPCRT4.dll
0x00007ffdc2b80000 - 0x00007ffdc2d10000 	C:\WINDOWS\System32\USER32.dll
0x00007ffdc1ac0000 - 0x00007ffdc1ae0000 	C:\WINDOWS\System32\win32u.dll
0x00007ffdc5020000 - 0x00007ffdc5048000 	C:\WINDOWS\System32\GDI32.dll
0x00007ffdc2670000 - 0x00007ffdc2802000 	C:\WINDOWS\System32\gdi32full.dll
0x00007ffdc22a0000 - 0x00007ffdc233f000 	C:\WINDOWS\System32\msvcp_win.dll
0x00007ffdc2890000 - 0x00007ffdc298a000 	C:\WINDOWS\System32\ucrtbase.dll
0x00007ffdb7d60000 - 0x00007ffdb7fc9000 	C:\WINDOWS\WinSxS\amd64_microsoft.windows.common-controls_6595b64144ccf1df_6.0.17134.112_none_fb3f961b30681c12\COMCTL32.dll
0x00007ffdc4cf0000 - 0x00007ffdc5013000 	C:\WINDOWS\System32\combase.dll
0x00007ffdc2810000 - 0x00007ffdc288a000 	C:\WINDOWS\System32\bcryptPrimitives.dll
0x00007ffdc5110000 - 0x00007ffdc513d000 	C:\WINDOWS\System32\IMM32.DLL
0x00000000770a0000 - 0x0000000077172000 	C:\Program Files\Java\jdk1.8.0_152\jre\bin\msvcr100.dll
0x0000000076800000 - 0x00000000770a0000 	C:\Program Files\Java\jdk1.8.0_152\jre\bin\server\jvm.dll
0x00007ffdc5150000 - 0x00007ffdc5158000 	C:\WINDOWS\System32\PSAPI.DLL
0x00007ffdb0330000 - 0x00007ffdb0339000 	C:\WINDOWS\SYSTEM32\WSOCK32.dll
0x00007ffdb5640000 - 0x00007ffdb564a000 	C:\WINDOWS\SYSTEM32\VERSION.dll
0x00007ffdb96c0000 - 0x00007ffdb96e3000 	C:\WINDOWS\SYSTEM32\WINMM.dll
0x00007ffdc5160000 - 0x00007ffdc51cc000 	C:\WINDOWS\System32\WS2_32.dll
0x00007ffdb9690000 - 0x00007ffdb96ba000 	C:\WINDOWS\SYSTEM32\WINMMBASE.dll
0x00007ffdc2340000 - 0x00007ffdc2389000 	C:\WINDOWS\System32\cfgmgr32.dll
0x0000000077bd0000 - 0x0000000077bdf000 	C:\Program Files\Java\jdk1.8.0_152\jre\bin\verify.dll
0x0000000077ba0000 - 0x0000000077bc9000 	C:\Program Files\Java\jdk1.8.0_152\jre\bin\java.dll
0x00000000767e0000 - 0x00000000767f6000 	C:\Program Files\Java\jdk1.8.0_152\jre\bin\zip.dll
0x00007ffdc2e50000 - 0x00007ffdc4290000 	C:\WINDOWS\System32\SHELL32.dll
0x00007ffdc4290000 - 0x00007ffdc4339000 	C:\WINDOWS\System32\shcore.dll
0x00007ffdc1ae0000 - 0x00007ffdc21ed000 	C:\WINDOWS\System32\windows.storage.dll
0x00007ffdc5050000 - 0x00007ffdc50a1000 	C:\WINDOWS\System32\shlwapi.dll
0x00007ffdc1a00000 - 0x00007ffdc1a11000 	C:\WINDOWS\System32\kernel.appcore.dll
0x00007ffdc1aa0000 - 0x00007ffdc1abf000 	C:\WINDOWS\System32\profapi.dll
0x00007ffdc1a40000 - 0x00007ffdc1a8c000 	C:\WINDOWS\System32\powrprof.dll
0x00007ffdc1a90000 - 0x00007ffdc1a9a000 	C:\WINDOWS\System32\FLTLIB.DLL
0x0000000076640000 - 0x00000000767d8000 	C:\Program Files\Java\jdk1.8.0_152\jre\bin\awt.dll
0x00007ffdc2d70000 - 0x00007ffdc2e32000 	C:\WINDOWS\System32\OLEAUT32.dll
0x00007ffdbfca0000 - 0x00007ffdbfd2b000 	C:\WINDOWS\SYSTEM32\apphelp.dll
0x00007ffdc0170000 - 0x00007ffdc0199000 	C:\WINDOWS\system32\DWMAPI.DLL
0x00007ffdc00a0000 - 0x00007ffdc0138000 	C:\WINDOWS\system32\uxtheme.dll
0x00007ffd9f270000 - 0x00007ffd9f390000 	C:\WINDOWS\system32\opengl32.dll
0x00007ffdaddb0000 - 0x00007ffdadddc000 	C:\WINDOWS\SYSTEM32\GLU32.dll
0x00007ffdc4700000 - 0x00007ffdc4875000 	C:\WINDOWS\System32\MSCTF.dll
0x00007ffdc4340000 - 0x00007ffdc4491000 	C:\WINDOWS\System32\ole32.dll
0x00000000765f0000 - 0x0000000076637000 	C:\Program Files\Java\jdk1.8.0_152\jre\bin\fontmanager.dll
0x00000000765d0000 - 0x00000000765ea000 	C:\Program Files\Java\jdk1.8.0_152\jre\bin\net.dll
0x00007ffdc11d0000 - 0x00007ffdc1236000 	C:\WINDOWS\system32\mswsock.dll
0x00000000765b0000 - 0x00000000765c1000 	C:\Program Files\Java\jdk1.8.0_152\jre\bin\nio.dll
0x0000000076560000 - 0x00000000765a2000 	C:\Program Files\Java\jdk1.8.0_152\jre\bin\t2k.dll
0x00007ffdaefb0000 - 0x00007ffdaf048000 	C:\WINDOWS\System32\TextInputFramework.dll
0x00007ffdbf990000 - 0x00007ffdbfa6a000 	C:\WINDOWS\System32\CoreMessaging.dll
0x00007ffdaeab0000 - 0x00007ffdaedce000 	C:\WINDOWS\System32\CoreUIComponents.dll
0x00007ffdbd420000 - 0x00007ffdbd56d000 	C:\WINDOWS\SYSTEM32\wintypes.dll
0x00007ffdc0ab0000 - 0x00007ffdc0ae1000 	C:\WINDOWS\SYSTEM32\ntmarta.dll
0x00007ffdc4950000 - 0x00007ffdc49f0000 	C:\WINDOWS\System32\clbcatq.dll
0x00007ffd92690000 - 0x00007ffd92761000 	C:\Windows\System32\IME\IMEKR\imkrtip.dll
0x00007ffdc03c0000 - 0x00007ffdc0574000 	C:\WINDOWS\SYSTEM32\PROPSYS.dll
0x00007ffd8c470000 - 0x00007ffd8c5c6000 	C:\Windows\System32\IME\shared\imetip.dll
0x00007ffdb5b70000 - 0x00007ffdb5bdb000 	C:\WINDOWS\SYSTEM32\OLEACC.dll
0x00007ffd87e30000 - 0x00007ffd87fdb000 	C:\WINDOWS\SYSTEM32\DUI70.dll
0x00007ffdabc10000 - 0x00007ffdabc4d000 	C:\Windows\System32\IME\IMEKR\imkrapi.dll
0x00007ffda5ae0000 - 0x00007ffda5b20000 	C:\Windows\System32\IME\shared\imjkapi.dll
0x00007ffdabe40000 - 0x00007ffdabfee000 	C:\WINDOWS\SYSTEM32\WindowsCodecs.dll

VM Arguments:
jvm_args: -Dfile.encoding=UTF-8 
java_command: taxation.TaxProgram
java_class_path (initial): C:\Program Files\Java\jdk1.8.0_152\jre\lib\resources.jar;C:\Program Files\Java\jdk1.8.0_152\jre\lib\rt.jar;C:\Program Files\Java\jdk1.8.0_152\jre\lib\jsse.jar;C:\Program Files\Java\jdk1.8.0_152\jre\lib\jce.jar;C:\Program Files\Java\jdk1.8.0_152\jre\lib\charsets.jar;C:\Program Files\Java\jdk1.8.0_152\jre\lib\jfr.jar;C:\Program Files\Java\jdk1.8.0_152\jre\lib\ext\access-bridge-64.jar;C:\Program Files\Java\jdk1.8.0_152\jre\lib\ext\cldrdata.jar;C:\Program Files\Java\jdk1.8.0_152\jre\lib\ext\dnsns.jar;C:\Program Files\Java\jdk1.8.0_152\jre\lib\ext\jaccess.jar;C:\Program Files\Java\jdk1.8.0_152\jre\lib\ext\jfxrt.jar;C:\Program Files\Java\jdk1.8.0_152\jre\lib\ext\localedata.jar;C:\Program Files\Java\jdk1.8.0_152\jre\lib\ext\nashorn.jar;C:\Program Files\Java\jdk1.8.0_152\jre\lib\ext\sunec.jar;C:\Program Files\Java\jdk1.8.0_152\jre\lib\ext\sunjce_provider.jar;C:\Program Files\Java\jdk1.8.0_152\jre\lib\ext\sunmscapi.jar;C:\Program Files\Java\jdk1.8.0_152\jre\lib\ext\sunpkcs11.jar;C:\Program Files\Java\jdk1.8.0_152\jre\lib\ext\zipfs.jar;C:\Users\Admin\eclipse-workspace\swing\target\classes
Launcher Type: SUN_STANDARD

Environment Variables:
PATH=C:/Program Files/Java/jre1.8.0_152/bin/server;C:/Program Files/Java/jre1.8.0_152/bin;C:/Program Files/Java/jre1.8.0_152/lib/amd64;C:\ProgramData\Oracle\Java\javapath;C:\Program Files (x86)\Intel\iCLS Client\;C:\Program Files\Intel\iCLS Client\;C:\WINDOWS\system32;C:\WINDOWS;C:\WINDOWS\System32\Wbem;C:\WINDOWS\System32\WindowsPowerShell\v1.0\;C:\Program Files\Intel\Intel(R) Management Engine Components\DAL;C:\Program Files (x86)\Intel\Intel(R) Management Engine Components\DAL;C:\Program Files\Intel\Intel(R) Management Engine Components\IPT;C:\Program Files (x86)\Intel\Intel(R) Management Engine Components\IPT;C:\Program Files\Intel\WiFi\bin\;C:\Program Files\Common Files\Intel\WirelessCommon\;C:\Program Files (x86)\Windows Kits\8.1\Windows Performance Toolkit\;C:\Program Files\Microsoft SQL Server\110\Tools\Binn\;C:\wamp64\bin\php\php5.6.25;C:\ProgramData\ComposerSetup\bin;C:\Program Files (x86)\Microsoft SQL Server\100\Tools\Binn\;C:\Program Files\Microsoft SQL Server\100\Tools\Binn\;C:\Program Files\Microsoft SQL Server\100\DTS\Binn\;C:\Program Files (x86)\Microsoft SQL Server\100\Tools\Binn\VSShell\Common7\IDE\;C:\Program Files (x86)\Microsoft Visual Studio 9.0\Common7\IDE\PrivateAssemblies\;C:\Program Files (x86)\Microsoft SQL Server\100\DTS\Binn\;C:\Program Files\TortoiseGit\bin;C:\Program Files (x86)\Skype\Phone\;C:\Program Files\dotnet\;C:\Program Files\Microsoft SQL Server\130\Tools\Binn\;C:\Program Files\Git\bin\git.exe;C:\Program Files\Git\cmd;C:\Program Files\nodejs\;C:\WINDOWS\System32\OpenSSH\;C:\Program Files\Intel\WiFi\bin\;C:\Program Files\Common Files\Intel\WirelessCommon\;C:\Program Files (x86)\PuTTY;C:\Users\Admin\AppData\Local\Microsoft\WindowsApps;C:\Program Files\Microsoft VS Code\bin;C:\Users\Admin\AppData\Roaming\npm;C:\WINDOWS\System32;
USERNAME=Admin
OS=Windows_NT
PROCESSOR_IDENTIFIER=Intel64 Family 6 Model 61 Stepping 4, GenuineIntel



---------------  S Y S T E M  ---------------

OS: Windows 10.0 , 64 bit Build 17134 (10.0.17134.1)

CPU:total 4 (initial active 4) (2 cores per cpu, 2 threads per core) family 6 model 61 stepping 4, cmov, cx8, fxsr, mmx, sse, sse2, sse3, ssse3, sse4.1, sse4.2, popcnt, avx, avx2, aes, clmul, erms, rtm, 3dnowpref, lzcnt, ht, tsc, tscinvbit, bmi1, bmi2, adx

Memory: 4k page, physical 8260716k(1252820k free), swap 33426540k(3108k free)

vm_info: Java HotSpot(TM) 64-Bit Server VM (25.152-b16) for windows-amd64 JRE (1.8.0_152-b16), built on Sep 14 2017 02:29:36 by "java_re" with MS VC++ 10.0 (VS2010)

time: Tue Jun 19 17:08:18 2018
elapsed time: 4 seconds (0d 0h 0m 4s)

